<?xml version="1.0" encoding="UTF-8"?>
<!-- Generated by org.testng.reporters.JUnitXMLReporter -->
<testsuite hostname="Rizuwanas-MacBook-Pro.local" ignored="0" name="SmokeTest" tests="2" failures="0" timestamp="2022-03-23T00:53:16 EDT" time="4.482" errors="0">
  <testcase name="runScenario" time="2.306" classname="io.cucumber.testng.AbstractTestNGCucumberTests"/>
  <testcase name="runScenario" time="1.94" classname="io.cucumber.testng.AbstractTestNGCucumberTests"/>
</testsuite> <!-- SmokeTest -->
